{"/home/simon/Facultad/Tercer año/Ingenieria de Software 2/Proyecto/mobile/src/services/cancelaciones.ts": {"path":"/home/simon/Facultad/Tercer año/Ingenieria de Software 2/Proyecto/mobile/src/services/cancelaciones.ts","statementMap":{"0":{"start":{"line":34,"column":0},"end":{"line":34,"column":16}},"1":{"start":{"line":80,"column":0},"end":{"line":80,"column":7}},"2":{"start":{"line":115,"column":0},"end":{"line":115,"column":7}},"3":{"start":{"line":1,"column":0},"end":{"line":1,"column":46}},"4":{"start":{"line":40,"column":17},"end":{"line":40,"column":26}},"5":{"start":{"line":41,"column":17},"end":{"line":41,"column":26}},"6":{"start":{"line":42,"column":17},"end":{"line":42,"column":26}},"7":{"start":{"line":44,"column":2},"end":{"line":69,"column":3}},"8":{"start":{"line":46,"column":6},"end":{"line":50,"column":8}},"9":{"start":{"line":52,"column":6},"end":{"line":56,"column":8}},"10":{"start":{"line":58,"column":6},"end":{"line":62,"column":8}},"11":{"start":{"line":64,"column":6},"end":{"line":68,"column":8}},"12":{"start":{"line":84,"column":26},"end":{"line":87,"column":4}},"13":{"start":{"line":89,"column":2},"end":{"line":92,"column":3}},"14":{"start":{"line":90,"column":4},"end":{"line":90,"column":71}},"15":{"start":{"line":91,"column":4},"end":{"line":91,"column":115}},"16":{"start":{"line":94,"column":2},"end":{"line":96,"column":3}},"17":{"start":{"line":95,"column":4},"end":{"line":95,"column":92}},"18":{"start":{"line":98,"column":2},"end":{"line":105,"column":4}},"19":{"start":{"line":119,"column":26},"end":{"line":122,"column":4}},"20":{"start":{"line":124,"column":2},"end":{"line":127,"column":3}},"21":{"start":{"line":125,"column":4},"end":{"line":125,"column":63}},"22":{"start":{"line":126,"column":4},"end":{"line":126,"column":120}},"23":{"start":{"line":129,"column":2},"end":{"line":131,"column":3}},"24":{"start":{"line":130,"column":4},"end":{"line":130,"column":111}},"25":{"start":{"line":133,"column":2},"end":{"line":138,"column":4}}},"fnMap":{"0":{"name":"buildModalMessage","decl":{"start":{"line":34,"column":16},"end":{"line":34,"column":33}},"loc":{"start":{"line":34,"column":61},"end":{"line":70,"column":1}}},"1":{"name":"previsualizarCancelacion","decl":{"start":{"line":80,"column":22},"end":{"line":80,"column":46}},"loc":{"start":{"line":82,"column":19},"end":{"line":106,"column":1}}},"2":{"name":"cancelarReservaAbonado","decl":{"start":{"line":115,"column":22},"end":{"line":115,"column":44}},"loc":{"start":{"line":117,"column":19},"end":{"line":139,"column":1}}}},"branchMap":{"0":{"loc":{"start":{"line":44,"column":2},"end":{"line":69,"column":3}},"type":"switch","locations":[{"start":{"line":45,"column":4},"end":{"line":50,"column":8}},{"start":{"line":51,"column":4},"end":{"line":56,"column":8}},{"start":{"line":57,"column":4},"end":{"line":62,"column":8}},{"start":{"line":63,"column":4},"end":{"line":68,"column":8}}]},"1":{"loc":{"start":{"line":89,"column":2},"end":{"line":92,"column":3}},"type":"if","locations":[{"start":{"line":89,"column":2},"end":{"line":92,"column":3}}]},"2":{"loc":{"start":{"line":94,"column":2},"end":{"line":96,"column":3}},"type":"if","locations":[{"start":{"line":94,"column":2},"end":{"line":96,"column":3}}]},"3":{"loc":{"start":{"line":124,"column":2},"end":{"line":127,"column":3}},"type":"if","locations":[{"start":{"line":124,"column":2},"end":{"line":127,"column":3}}]},"4":{"loc":{"start":{"line":129,"column":2},"end":{"line":131,"column":3}},"type":"if","locations":[{"start":{"line":129,"column":2},"end":{"line":131,"column":3}}]}},"s":{"0":0,"1":0,"2":0,"3":0,"4":0,"5":0,"6":0,"7":0,"8":0,"9":0,"10":0,"11":0,"12":0,"13":0,"14":0,"15":0,"16":0,"17":0,"18":0,"19":0,"20":0,"21":0,"22":0,"23":0,"24":0,"25":0},"f":{"0":0,"1":0,"2":0},"b":{"0":[0,0,0,0],"1":[0],"2":[0],"3":[0],"4":[0]}}
,"/home/simon/Facultad/Tercer año/Ingenieria de Software 2/Proyecto/mobile/src/services/listaEspera.ts": {"path":"/home/simon/Facultad/Tercer año/Ingenieria de Software 2/Proyecto/mobile/src/services/listaEspera.ts","statementMap":{"0":{"start":{"line":49,"column":0},"end":{"line":49,"column":7}},"1":{"start":{"line":89,"column":0},"end":{"line":89,"column":7}},"2":{"start":{"line":1,"column":0},"end":{"line":1,"column":46}},"3":{"start":{"line":25,"column":25},"end":{"line":25,"column":42}},"4":{"start":{"line":26,"column":2},"end":{"line":31,"column":3}},"5":{"start":{"line":27,"column":4},"end":{"line":30,"column":6}},"6":{"start":{"line":32,"column":2},"end":{"line":35,"column":4}},"7":{"start":{"line":54,"column":28},"end":{"line":60,"column":18}},"8":{"start":{"line":62,"column":28},"end":{"line":62,"column":56}},"9":{"start":{"line":65,"column":26},"end":{"line":73,"column":13}},"10":{"start":{"line":75,"column":2},"end":{"line":77,"column":3}},"11":{"start":{"line":76,"column":4},"end":{"line":76,"column":29}},"12":{"start":{"line":79,"column":2},"end":{"line":82,"column":4}},"13":{"start":{"line":93,"column":19},"end":{"line":98,"column":18}},"14":{"start":{"line":100,"column":2},"end":{"line":100,"column":46}}},"fnMap":{"0":{"name":"mapearError","decl":{"start":{"line":23,"column":9},"end":{"line":23,"column":20}},"loc":{"start":{"line":23,"column":31},"end":{"line":36,"column":1}}},"1":{"name":"inscribirseEnLista","decl":{"start":{"line":49,"column":22},"end":{"line":49,"column":40}},"loc":{"start":{"line":51,"column":17},"end":{"line":83,"column":1}}},"2":{"name":"obtenerPosicionEnLista","decl":{"start":{"line":89,"column":22},"end":{"line":89,"column":44}},"loc":{"start":{"line":91,"column":17},"end":{"line":101,"column":1}}}},"branchMap":{"0":{"loc":{"start":{"line":25,"column":25},"end":{"line":25,"column":42}},"type":"binary-expr","locations":[{"start":{"line":25,"column":25},"end":{"line":25,"column":36}},{"start":{"line":25,"column":40},"end":{"line":25,"column":42}}]},"1":{"loc":{"start":{"line":26,"column":2},"end":{"line":31,"column":3}},"type":"if","locations":[{"start":{"line":26,"column":2},"end":{"line":31,"column":3}}]},"2":{"loc":{"start":{"line":62,"column":29},"end":{"line":62,"column":51}},"type":"binary-expr","locations":[{"start":{"line":62,"column":29},"end":{"line":62,"column":46}},{"start":{"line":62,"column":50},"end":{"line":62,"column":51}}]},"3":{"loc":{"start":{"line":75,"column":2},"end":{"line":77,"column":3}},"type":"if","locations":[{"start":{"line":75,"column":2},"end":{"line":77,"column":3}}]},"4":{"loc":{"start":{"line":100,"column":10},"end":{"line":100,"column":45}},"type":"binary-expr","locations":[{"start":{"line":100,"column":10},"end":{"line":100,"column":37}},{"start":{"line":100,"column":41},"end":{"line":100,"column":45}}]}},"s":{"0":0,"1":0,"2":0,"3":0,"4":0,"5":0,"6":0,"7":0,"8":0,"9":0,"10":0,"11":0,"12":0,"13":0,"14":0},"f":{"0":0,"1":0,"2":0},"b":{"0":[0,0],"1":[0],"2":[0,0],"3":[0],"4":[0,0]}}
,"/home/simon/Facultad/Tercer año/Ingenieria de Software 2/Proyecto/mobile/src/services/reservas.ts": {"path":"/home/simon/Facultad/Tercer año/Ingenieria de Software 2/Proyecto/mobile/src/services/reservas.ts","statementMap":{"0":{"start":{"line":15,"column":0},"end":{"line":15,"column":16}},"1":{"start":{"line":85,"column":0},"end":{"line":85,"column":7}},"2":{"start":{"line":124,"column":0},"end":{"line":124,"column":7}},"3":{"start":{"line":154,"column":0},"end":{"line":154,"column":7}},"4":{"start":{"line":1,"column":0},"end":{"line":1,"column":46}},"5":{"start":{"line":7,"column":13},"end":{"line":12,"column":2}},"6":{"start":{"line":16,"column":2},"end":{"line":16,"column":64}},"7":{"start":{"line":48,"column":53},"end":{"line":63,"column":2}},"8":{"start":{"line":66,"column":2},"end":{"line":66,"column":47}},"9":{"start":{"line":89,"column":26},"end":{"line":92,"column":4}},"10":{"start":{"line":95,"column":2},"end":{"line":98,"column":3}},"11":{"start":{"line":96,"column":4},"end":{"line":96,"column":58}},"12":{"start":{"line":97,"column":4},"end":{"line":97,"column":34}},"13":{"start":{"line":102,"column":2},"end":{"line":105,"column":3}},"14":{"start":{"line":103,"column":19},"end":{"line":103,"column":51}},"15":{"start":{"line":104,"column":4},"end":{"line":104,"column":64}},"16":{"start":{"line":107,"column":2},"end":{"line":110,"column":3}},"17":{"start":{"line":108,"column":4},"end":{"line":108,"column":72}},"18":{"start":{"line":109,"column":4},"end":{"line":109,"column":34}},"19":{"start":{"line":112,"column":2},"end":{"line":115,"column":4}},"20":{"start":{"line":129,"column":19},"end":{"line":133,"column":31}},"21":{"start":{"line":135,"column":2},"end":{"line":135,"column":26}},"22":{"start":{"line":135,"column":13},"end":{"line":135,"column":26}},"23":{"start":{"line":137,"column":2},"end":{"line":140,"column":5}},"24":{"start":{"line":138,"column":14},"end":{"line":138,"column":21}},"25":{"start":{"line":139,"column":4},"end":{"line":139,"column":66}},"26":{"start":{"line":162,"column":23},"end":{"line":162,"column":82}},"27":{"start":{"line":163,"column":2},"end":{"line":163,"column":58}},"28":{"start":{"line":163,"column":20},"end":{"line":163,"column":58}},"29":{"start":{"line":166,"column":26},"end":{"line":176,"column":13}},"30":{"start":{"line":178,"column":2},"end":{"line":182,"column":3}},"31":{"start":{"line":179,"column":4},"end":{"line":179,"column":82}},"32":{"start":{"line":180,"column":4},"end":{"line":180,"column":65}},"33":{"start":{"line":180,"column":32},"end":{"line":180,"column":65}},"34":{"start":{"line":181,"column":4},"end":{"line":181,"column":34}},"35":{"start":{"line":184,"column":2},"end":{"line":184,"column":54}}},"fnMap":{"0":{"name":"calcularSena","decl":{"start":{"line":15,"column":16},"end":{"line":15,"column":28}},"loc":{"start":{"line":15,"column":51},"end":{"line":17,"column":1}}},"1":{"name":"buildError","decl":{"start":{"line":65,"column":9},"end":{"line":65,"column":19}},"loc":{"start":{"line":65,"column":46},"end":{"line":67,"column":1}}},"2":{"name":"reservarClaseAbonado","decl":{"start":{"line":85,"column":22},"end":{"line":85,"column":42}},"loc":{"start":{"line":87,"column":17},"end":{"line":116,"column":1}}},"3":{"name":"verificarConflictoHorario","decl":{"start":{"line":124,"column":22},"end":{"line":124,"column":47}},"loc":{"start":{"line":127,"column":20},"end":{"line":141,"column":1}}},"4":{"name":"(anonymous_4)","decl":{"start":{"line":137,"column":19},"end":{"line":137,"column":20}},"loc":{"start":{"line":137,"column":30},"end":{"line":140,"column":3}}},"5":{"name":"reservarClaseEventual","decl":{"start":{"line":154,"column":22},"end":{"line":154,"column":43}},"loc":{"start":{"line":159,"column":20},"end":{"line":185,"column":1}}}},"branchMap":{"0":{"loc":{"start":{"line":95,"column":2},"end":{"line":98,"column":3}},"type":"if","locations":[{"start":{"line":95,"column":2},"end":{"line":98,"column":3}}]},"1":{"loc":{"start":{"line":102,"column":2},"end":{"line":105,"column":3}},"type":"if","locations":[{"start":{"line":102,"column":2},"end":{"line":105,"column":3}}]},"2":{"loc":{"start":{"line":104,"column":21},"end":{"line":104,"column":62}},"type":"cond-expr","locations":[{"start":{"line":104,"column":42},"end":{"line":104,"column":48}},{"start":{"line":104,"column":51},"end":{"line":104,"column":62}}]},"3":{"loc":{"start":{"line":107,"column":2},"end":{"line":110,"column":3}},"type":"if","locations":[{"start":{"line":107,"column":2},"end":{"line":110,"column":3}}]},"4":{"loc":{"start":{"line":107,"column":6},"end":{"line":107,"column":41}},"type":"binary-expr","locations":[{"start":{"line":107,"column":6},"end":{"line":107,"column":20}},{"start":{"line":107,"column":24},"end":{"line":107,"column":41}}]},"5":{"loc":{"start":{"line":135,"column":2},"end":{"line":135,"column":26}},"type":"if","locations":[{"start":{"line":135,"column":2},"end":{"line":135,"column":26}}]},"6":{"loc":{"start":{"line":139,"column":11},"end":{"line":139,"column":65}},"type":"binary-expr","locations":[{"start":{"line":139,"column":11},"end":{"line":139,"column":12}},{"start":{"line":139,"column":16},"end":{"line":139,"column":33}},{"start":{"line":139,"column":37},"end":{"line":139,"column":65}}]},"7":{"loc":{"start":{"line":163,"column":2},"end":{"line":163,"column":58}},"type":"if","locations":[{"start":{"line":163,"column":2},"end":{"line":163,"column":58}}]},"8":{"loc":{"start":{"line":178,"column":2},"end":{"line":182,"column":3}},"type":"if","locations":[{"start":{"line":178,"column":2},"end":{"line":182,"column":3}}]},"9":{"loc":{"start":{"line":180,"column":4},"end":{"line":180,"column":65}},"type":"if","locations":[{"start":{"line":180,"column":4},"end":{"line":180,"column":65}}]}},"s":{"0":1,"1":1,"2":1,"3":1,"4":1,"5":1,"6":8,"7":1,"8":0,"9":0,"10":0,"11":0,"12":0,"13":0,"14":0,"15":0,"16":0,"17":0,"18":0,"19":0,"20":0,"21":0,"22":0,"23":0,"24":0,"25":0,"26":0,"27":0,"28":0,"29":0,"30":0,"31":0,"32":0,"33":0,"34":0,"35":0},"f":{"0":8,"1":0,"2":0,"3":0,"4":0,"5":0},"b":{"0":[0],"1":[0],"2":[0,0],"3":[0],"4":[0,0],"5":[0],"6":[0,0,0],"7":[0],"8":[0],"9":[0]}}
,"/home/simon/Facultad/Tercer año/Ingenieria de Software 2/Proyecto/mobile/src/utils/fechas.ts": {"path":"/home/simon/Facultad/Tercer año/Ingenieria de Software 2/Proyecto/mobile/src/utils/fechas.ts","statementMap":{"0":{"start":{"line":11,"column":0},"end":{"line":11,"column":16}},"1":{"start":{"line":23,"column":0},"end":{"line":23,"column":16}},"2":{"start":{"line":33,"column":0},"end":{"line":33,"column":16}},"3":{"start":{"line":42,"column":0},"end":{"line":42,"column":16}},"4":{"start":{"line":54,"column":0},"end":{"line":54,"column":16}},"5":{"start":{"line":69,"column":0},"end":{"line":69,"column":16}},"6":{"start":{"line":12,"column":19},"end":{"line":12,"column":48}},"7":{"start":{"line":13,"column":19},"end":{"line":13,"column":49}},"8":{"start":{"line":14,"column":19},"end":{"line":14,"column":49}},"9":{"start":{"line":15,"column":19},"end":{"line":15,"column":32}},"10":{"start":{"line":16,"column":2},"end":{"line":16,"column":82}},"11":{"start":{"line":24,"column":20},"end":{"line":24,"column":34}},"12":{"start":{"line":25,"column":2},"end":{"line":25,"column":26}},"13":{"start":{"line":34,"column":20},"end":{"line":34,"column":46}},"14":{"start":{"line":35,"column":2},"end":{"line":35,"column":40}},"15":{"start":{"line":43,"column":14},"end":{"line":43,"column":24}},"16":{"start":{"line":44,"column":14},"end":{"line":44,"column":31}},"17":{"start":{"line":45,"column":14},"end":{"line":45,"column":57}},"18":{"start":{"line":46,"column":14},"end":{"line":46,"column":52}},"19":{"start":{"line":47,"column":2},"end":{"line":47,"column":26}},"20":{"start":{"line":55,"column":15},"end":{"line":55,"column":34}},"21":{"start":{"line":56,"column":2},"end":{"line":56,"column":38}},"22":{"start":{"line":57,"column":12},"end":{"line":57,"column":30}},"23":{"start":{"line":58,"column":12},"end":{"line":58,"column":56}},"24":{"start":{"line":59,"column":12},"end":{"line":59,"column":51}},"25":{"start":{"line":60,"column":2},"end":{"line":60,"column":26}},"26":{"start":{"line":70,"column":26},"end":{"line":70,"column":28}},"27":{"start":{"line":71,"column":2},"end":{"line":74,"column":3}},"28":{"start":{"line":71,"column":15},"end":{"line":71,"column":17}},"29":{"start":{"line":72,"column":4},"end":{"line":72,"column":51}},"30":{"start":{"line":73,"column":4},"end":{"line":73,"column":63}},"31":{"start":{"line":73,"column":16},"end":{"line":73,"column":63}},"32":{"start":{"line":75,"column":2},"end":{"line":75,"column":15}}},"fnMap":{"0":{"name":"calcularHoraFin","decl":{"start":{"line":11,"column":16},"end":{"line":11,"column":31}},"loc":{"start":{"line":11,"column":71},"end":{"line":17,"column":1}}},"1":{"name":"formatFechaUI","decl":{"start":{"line":23,"column":16},"end":{"line":23,"column":29}},"loc":{"start":{"line":23,"column":41},"end":{"line":26,"column":1}}},"2":{"name":"isoToLocalDate","decl":{"start":{"line":33,"column":16},"end":{"line":33,"column":30}},"loc":{"start":{"line":33,"column":42},"end":{"line":36,"column":1}}},"3":{"name":"hoyISO","decl":{"start":{"line":42,"column":16},"end":{"line":42,"column":22}},"loc":{"start":{"line":42,"column":22},"end":{"line":48,"column":1}}},"4":{"name":"sumarDias","decl":{"start":{"line":54,"column":16},"end":{"line":54,"column":25}},"loc":{"start":{"line":54,"column":51},"end":{"line":61,"column":1}}},"5":{"name":"generarHorariosDisponibles","decl":{"start":{"line":69,"column":16},"end":{"line":69,"column":42}},"loc":{"start":{"line":69,"column":42},"end":{"line":76,"column":1}}}},"branchMap":{"0":{"loc":{"start":{"line":73,"column":4},"end":{"line":73,"column":63}},"type":"if","locations":[{"start":{"line":73,"column":4},"end":{"line":73,"column":63}}]}},"s":{"0":1,"1":1,"2":1,"3":1,"4":1,"5":1,"6":7,"7":7,"8":7,"9":7,"10":7,"11":0,"12":0,"13":0,"14":0,"15":0,"16":0,"17":0,"18":0,"19":0,"20":0,"21":0,"22":0,"23":0,"24":0,"25":0,"26":0,"27":0,"28":0,"29":0,"30":0,"31":0,"32":0},"f":{"0":7,"1":0,"2":0,"3":0,"4":0,"5":0},"b":{"0":[0]}}
}
