TN:
SF:src/services/cancelaciones.ts
FN:34,buildModalMessage
FN:80,previsualizarCancelacion
FN:115,cancelarReservaAbonado
FNF:3
FNH:0
FNDA:0,buildModalMessage
FNDA:0,previsualizarCancelacion
FNDA:0,cancelarReservaAbonado
DA:1,0
DA:34,0
DA:40,0
DA:41,0
DA:42,0
DA:44,0
DA:46,0
DA:52,0
DA:58,0
DA:64,0
DA:80,0
DA:84,0
DA:89,0
DA:90,0
DA:91,0
DA:94,0
DA:95,0
DA:98,0
DA:115,0
DA:119,0
DA:124,0
DA:125,0
DA:126,0
DA:129,0
DA:130,0
DA:133,0
LF:26
LH:0
BRDA:44,0,0,0
BRDA:44,0,1,0
BRDA:44,0,2,0
BRDA:44,0,3,0
BRDA:89,1,0,0
BRDA:94,2,0,0
BRDA:124,3,0,0
BRDA:129,4,0,0
BRF:8
BRH:0
end_of_record
TN:
SF:src/services/listaEspera.ts
FN:23,mapearError
FN:49,inscribirseEnLista
FN:89,obtenerPosicionEnLista
FNF:3
FNH:0
FNDA:0,mapearError
FNDA:0,inscribirseEnLista
FNDA:0,obtenerPosicionEnLista
DA:1,0
DA:25,0
DA:26,0
DA:27,0
DA:32,0
DA:49,0
DA:54,0
DA:62,0
DA:65,0
DA:75,0
DA:76,0
DA:79,0
DA:89,0
DA:93,0
DA:100,0
LF:15
LH:0
BRDA:25,0,0,0
BRDA:25,0,1,0
BRDA:26,1,0,0
BRDA:62,2,0,0
BRDA:62,2,1,0
BRDA:75,3,0,0
BRDA:100,4,0,0
BRDA:100,4,1,0
BRF:8
BRH:0
end_of_record
TN:
SF:src/services/reservas.ts
FN:15,calcularSena
FN:65,buildError
FN:85,reservarClaseAbonado
FN:124,verificarConflictoHorario
FN:137,(anonymous_4)
FN:154,reservarClaseEventual
FNF:6
FNH:1
FNDA:8,calcularSena
FNDA:0,buildError
FNDA:0,reservarClaseAbonado
FNDA:0,verificarConflictoHorario
FNDA:0,(anonymous_4)
FNDA:0,reservarClaseEventual
DA:1,1
DA:7,1
DA:15,1
DA:16,8
DA:48,1
DA:66,0
DA:85,1
DA:89,0
DA:95,0
DA:96,0
DA:97,0
DA:102,0
DA:103,0
DA:104,0
DA:107,0
DA:108,0
DA:109,0
DA:112,0
DA:124,1
DA:129,0
DA:135,0
DA:137,0
DA:138,0
DA:139,0
DA:154,1
DA:162,0
DA:163,0
DA:166,0
DA:178,0
DA:179,0
DA:180,0
DA:181,0
DA:184,0
LF:33
LH:8
BRDA:95,0,0,0
BRDA:102,1,0,0
BRDA:104,2,0,0
BRDA:104,2,1,0
BRDA:107,3,0,0
BRDA:107,4,0,0
BRDA:107,4,1,0
BRDA:135,5,0,0
BRDA:139,6,0,0
BRDA:139,6,1,0
BRDA:139,6,2,0
BRDA:163,7,0,0
BRDA:178,8,0,0
BRDA:180,9,0,0
BRF:14
BRH:0
end_of_record
TN:
SF:src/utils/fechas.ts
FN:11,calcularHoraFin
FN:23,formatFechaUI
FN:33,isoToLocalDate
FN:42,hoyISO
FN:54,sumarDias
FN:69,generarHorariosDisponibles
FNF:6
FNH:1
FNDA:7,calcularHoraFin
FNDA:0,formatFechaUI
FNDA:0,isoToLocalDate
FNDA:0,hoyISO
FNDA:0,sumarDias
FNDA:0,generarHorariosDisponibles
DA:11,1
DA:12,7
DA:13,7
DA:14,7
DA:15,7
DA:16,7
DA:23,1
DA:24,0
DA:25,0
DA:33,1
DA:34,0
DA:35,0
DA:42,1
DA:43,0
DA:44,0
DA:45,0
DA:46,0
DA:47,0
DA:54,1
DA:55,0
DA:56,0
DA:57,0
DA:58,0
DA:59,0
DA:60,0
DA:69,1
DA:70,0
DA:71,0
DA:72,0
DA:73,0
DA:75,0
LF:31
LH:11
BRDA:73,0,0,0
BRF:1
BRH:0
end_of_record
